<?xml version="1.0" encoding="UTF-8"?>
<!-- Generated by org.testng.reporters.JUnitXMLReporter -->
<testsuite ignored="3" hostname="DESKTOP-623UQF9" failures="0" tests="1" name="Default test" time="41.49" errors="0" timestamp="2022-10-26T22:15:53 IST">
  <testcase classname="test.SwagLabProductPageTest" name="clickOnContine" time="34.033"/>
  <testcase classname="test.SwagLabProductPageTest" name="validateSwagProduct" time="0.0">
    <ignored/>
  </testcase> <!-- validateSwagProduct -->
  <testcase classname="test.SwagLabProductPageTest" name="clickOnCart" time="0.0">
    <ignored/>
  </testcase> <!-- clickOnCart -->
  <testcase classname="test.SwagLabProductPageTest" name="addToCart" time="0.0">
    <ignored/>
  </testcase> <!-- addToCart -->
</testsuite> <!-- Default test -->
