<?xml version="1.0" encoding="UTF-8"?>
<!-- Generated by org.testng.reporters.JUnitXMLReporter -->
<testsuite ignored="1" hostname="DESKTOP-623UQF9" failures="0" tests="1" name="Default test" time="23.007" errors="0" timestamp="2022-10-25T20:23:51 IST">
  <testcase classname="test.SwagLabProductPageTest" name="addToCart" time="10.923"/>
  <testcase classname="test.SwagLabProductPageTest" name="validateSwagProduct" time="0.0">
    <ignored/>
  </testcase> <!-- validateSwagProduct -->
</testsuite> <!-- Default test -->
